<?xml version="1.0" encoding="UTF-8"?>

<testsuite errors="0" failures="0" name="com.fxmarker.ContextTest" tests="2" time="0"> 
  <testcase classname="com.fxmarker.ContextTest" name="testContextVarObjectPath" time="0"/>  
  <testcase classname="com.fxmarker.ContextTest" name="testContextVariables" time="0"/> 
</testsuite>
